<?xml version="1.0" encoding="UTF-8"?>
<testng-results ignored="0" total="4" passed="3" failed="1" skipped="0">
  <reporter-output>
  </reporter-output>
  <suite started-at="2022-07-16T17:21:57 IST" name="Suite" finished-at="2022-07-16T17:22:35 IST" duration-ms="37870">
    <groups>
    </groups>
    <test started-at="2022-07-16T17:21:57 IST" name="Test" finished-at="2022-07-16T17:22:35 IST" duration-ms="37870">
      <class name="com.purnadata.testcases.PaymentSummaryTest">
        <test-method is-config="true" signature="init()[pri:0, instance:com.purnadata.testcases.PaymentSummaryTest@4c012563]" started-at="2022-07-16T17:21:57 IST" name="init" finished-at="2022-07-16T17:22:05 IST" duration-ms="7941" status="PASS">
          <reporter-output>
          </reporter-output>
        </test-method> <!-- init -->
        <test-method signature="verifyPurchaseInvoiceExportTest()[pri:0, instance:com.purnadata.testcases.PaymentSummaryTest@4c012563]" started-at="2022-07-16T17:22:05 IST" name="verifyPurchaseInvoiceExportTest" finished-at="2022-07-16T17:22:07 IST" duration-ms="2301" status="FAIL">
          <exception class="java.lang.AssertionError">
            <message>
              <![CDATA[expected [Downloading is successfull] but found [This page isn’t working]]]>
            </message>
            <full-stacktrace>
              <![CDATA[java.lang.AssertionError: expected [Downloading is successfull] but found [This page isn’t working]
at org.testng.Assert.fail(Assert.java:99)
at org.testng.Assert.failNotEquals(Assert.java:1037)
at org.testng.Assert.assertEqualsImpl(Assert.java:140)
at org.testng.Assert.assertEquals(Assert.java:122)
at org.testng.Assert.assertEquals(Assert.java:629)
at org.testng.Assert.assertEquals(Assert.java:639)
at com.purnadata.testcases.PaymentSummaryTest.verifyPurchaseInvoiceExportTest(PaymentSummaryTest.java:42)
at java.base/jdk.internal.reflect.NativeMethodAccessorImpl.invoke0(Native Method)
at java.base/jdk.internal.reflect.NativeMethodAccessorImpl.invoke(NativeMethodAccessorImpl.java:77)
at java.base/jdk.internal.reflect.DelegatingMethodAccessorImpl.invoke(DelegatingMethodAccessorImpl.java:43)
at java.base/java.lang.reflect.Method.invoke(Method.java:568)
at org.testng.internal.MethodInvocationHelper.invokeMethod(MethodInvocationHelper.java:133)
at org.testng.internal.TestInvoker.invokeMethod(TestInvoker.java:598)
at org.testng.internal.TestInvoker.invokeTestMethod(TestInvoker.java:173)
at org.testng.internal.MethodRunner.runInSequence(MethodRunner.java:46)
at org.testng.internal.TestInvoker$MethodInvocationAgent.invoke(TestInvoker.java:824)
at org.testng.internal.TestInvoker.invokeTestMethods(TestInvoker.java:146)
at org.testng.internal.TestMethodWorker.invokeTestMethods(TestMethodWorker.java:146)
at org.testng.internal.TestMethodWorker.run(TestMethodWorker.java:128)
at java.base/java.util.ArrayList.forEach(ArrayList.java:1511)
at org.testng.TestRunner.privateRun(TestRunner.java:794)
at org.testng.TestRunner.run(TestRunner.java:596)
at org.testng.SuiteRunner.runTest(SuiteRunner.java:377)
at org.testng.SuiteRunner.runSequentially(SuiteRunner.java:371)
at org.testng.SuiteRunner.privateRun(SuiteRunner.java:332)
at org.testng.SuiteRunner.run(SuiteRunner.java:276)
at org.testng.SuiteRunnerWorker.runSuite(SuiteRunnerWorker.java:53)
at org.testng.SuiteRunnerWorker.run(SuiteRunnerWorker.java:96)
at org.testng.TestNG.runSuitesSequentially(TestNG.java:1212)
at org.testng.TestNG.runSuitesLocally(TestNG.java:1134)
at org.testng.TestNG.runSuites(TestNG.java:1063)
at org.testng.TestNG.run(TestNG.java:1031)
at org.testng.remote.AbstractRemoteTestNG.run(AbstractRemoteTestNG.java:115)
at org.testng.remote.RemoteTestNG.initAndRun(RemoteTestNG.java:251)
at org.testng.remote.RemoteTestNG.main(RemoteTestNG.java:77)
]]>
            </full-stacktrace>
          </exception> <!-- java.lang.AssertionError -->
          <reporter-output>
          </reporter-output>
        </test-method> <!-- verifyPurchaseInvoiceExportTest -->
        <test-method is-config="true" signature="closeBrowser()[pri:0, instance:com.purnadata.testcases.PaymentSummaryTest@4c012563]" started-at="2022-07-16T17:22:07 IST" name="closeBrowser" finished-at="2022-07-16T17:22:08 IST" duration-ms="301" status="PASS">
          <reporter-output>
          </reporter-output>
        </test-method> <!-- closeBrowser -->
      </class> <!-- com.purnadata.testcases.PaymentSummaryTest -->
      <class name="com.purnadata.testcases.CustomerTest">
        <test-method is-config="true" signature="init()[pri:0, instance:com.purnadata.testcases.CustomerTest@4b34fff9]" started-at="2022-07-16T17:22:16 IST" name="init" finished-at="2022-07-16T17:22:21 IST" duration-ms="5206" status="PASS">
          <reporter-output>
          </reporter-output>
        </test-method> <!-- init -->
        <test-method signature="verifyCreateCustomerSuccessTest(java.lang.String,java.lang.String,java.lang.String,java.lang.String,java.lang.String,java.lang.String)[pri:0, instance:com.purnadata.testcases.CustomerTest@4b34fff9]" started-at="2022-07-16T17:22:21 IST" name="verifyCreateCustomerSuccessTest" data-provider="getCustomerData" finished-at="2022-07-16T17:22:24 IST" duration-ms="3326" status="PASS">
          <params>
            <param index="0">
              <value>
                <![CDATA[1010101.0]]>
              </value>
            </param>
            <param index="1">
              <value>
                <![CDATA[Pragati]]>
              </value>
            </param>
            <param index="2">
              <value>
                <![CDATA[Virat]]>
              </value>
            </param>
            <param index="3">
              <value>
                <![CDATA[Pune]]>
              </value>
            </param>
            <param index="4">
              <value>
                <![CDATA[Asdf]]>
              </value>
            </param>
            <param index="5">
              <value>
                <![CDATA[gst4321]]>
              </value>
            </param>
          </params>
          <reporter-output>
          </reporter-output>
        </test-method> <!-- verifyCreateCustomerSuccessTest -->
        <test-method is-config="true" signature="closeBrowser()[pri:0, instance:com.purnadata.testcases.CustomerTest@4b34fff9]" started-at="2022-07-16T17:22:24 IST" name="closeBrowser" finished-at="2022-07-16T17:22:25 IST" duration-ms="195" status="PASS">
          <reporter-output>
          </reporter-output>
        </test-method> <!-- closeBrowser -->
        <test-method is-config="true" signature="init()[pri:0, instance:com.purnadata.testcases.CustomerTest@4b34fff9]" started-at="2022-07-16T17:22:25 IST" name="init" finished-at="2022-07-16T17:22:31 IST" duration-ms="6416" status="PASS">
          <reporter-output>
          </reporter-output>
        </test-method> <!-- init -->
        <test-method signature="verifyCreateCustomerSuccessTest(java.lang.String,java.lang.String,java.lang.String,java.lang.String,java.lang.String,java.lang.String)[pri:0, instance:com.purnadata.testcases.CustomerTest@4b34fff9]" started-at="2022-07-16T17:22:31 IST" name="verifyCreateCustomerSuccessTest" data-provider="getCustomerData" finished-at="2022-07-16T17:22:34 IST" duration-ms="3511" status="PASS">
          <params>
            <param index="0">
              <value>
                <![CDATA[1010102.0]]>
              </value>
            </param>
            <param index="1">
              <value>
                <![CDATA[John]]>
              </value>
            </param>
            <param index="2">
              <value>
                <![CDATA[Sachin]]>
              </value>
            </param>
            <param index="3">
              <value>
                <![CDATA[London]]>
              </value>
            </param>
            <param index="4">
              <value>
                <![CDATA[abcd]]>
              </value>
            </param>
            <param index="5">
              <value>
                <![CDATA[gst567]]>
              </value>
            </param>
          </params>
          <reporter-output>
          </reporter-output>
        </test-method> <!-- verifyCreateCustomerSuccessTest -->
        <test-method is-config="true" signature="closeBrowser()[pri:0, instance:com.purnadata.testcases.CustomerTest@4b34fff9]" started-at="2022-07-16T17:22:34 IST" name="closeBrowser" finished-at="2022-07-16T17:22:35 IST" duration-ms="204" status="PASS">
          <reporter-output>
          </reporter-output>
        </test-method> <!-- closeBrowser -->
      </class> <!-- com.purnadata.testcases.CustomerTest -->
      <class name="com.purnadata.testcases.PurchaseTest">
        <test-method is-config="true" signature="init()[pri:0, instance:com.purnadata.testcases.PurchaseTest@34f6515b]" started-at="2022-07-16T17:22:08 IST" name="init" finished-at="2022-07-16T17:22:13 IST" duration-ms="5391" status="PASS">
          <reporter-output>
          </reporter-output>
        </test-method> <!-- init -->
        <test-method signature="editPurchaseOrder()[pri:0, instance:com.purnadata.testcases.PurchaseTest@34f6515b]" started-at="2022-07-16T17:22:13 IST" name="editPurchaseOrder" finished-at="2022-07-16T17:22:15 IST" duration-ms="1789" status="PASS">
          <reporter-output>
          </reporter-output>
        </test-method> <!-- editPurchaseOrder -->
        <test-method is-config="true" signature="closeBrowser()[pri:0, instance:com.purnadata.testcases.PurchaseTest@34f6515b]" started-at="2022-07-16T17:22:15 IST" name="closeBrowser" finished-at="2022-07-16T17:22:15 IST" duration-ms="211" status="PASS">
          <reporter-output>
          </reporter-output>
        </test-method> <!-- closeBrowser -->
      </class> <!-- com.purnadata.testcases.PurchaseTest -->
    </test> <!-- Test -->
  </suite> <!-- Suite -->
</testng-results>
